<?xml version="1.0" encoding="UTF-8"?>
<!-- Generated by org.testng.reporters.JUnitXMLReporter -->
<testsuite hostname="OCTI107.local" name="IPHONE 5s - GMALV " tests="1" failures="1" timestamp="26 Feb 2018 18:38:36 GMT" time="61.401" errors="0">
  <testcase name="EjecutarNavegacionGeneral" time="35.785" classname="ProyectoMovil.Automatizacion.Ejecutar.Pruebas.EjecucionInicioPrueba">
    <failure type="java.lang.AssertionError" message="Error QA: No se ha logrado validar en presionarSalirNotificaciones.
Parte de los componentes del aplicativo no son accesibles.
Revise el estado el ambiente de certificacion.
Presionar Salir de notificaciones no se realiza de manera correcta, revise que no tenga algun componente sobre o tenga una nombre de variable diferente.">
      <![CDATA[java.lang.AssertionError: Error QA: No se ha logrado validar en presionarSalirNotificaciones.
Parte de los componentes del aplicativo no son accesibles.
Revise el estado el ambiente de certificacion.
Presionar Salir de notificaciones no se realiza de manera correcta, revise que no tenga algun componente sobre o tenga una nombre de variable diferente.
	at ProyectoMovil.Automatizacion.Ejecutar.Pruebas.EjecucionInicioPrueba.presionarSalirNotificaciones(EjecucionInicioPrueba.java:153)
	at ProyectoMovil.Automatizacion.Ejecutar.Pruebas.EjecucionInicioPrueba.EjecutarNavegacionGeneral(EjecucionInicioPrueba.java:590)
	at java.util.concurrent.FutureTask.run(FutureTask.java:266)
	at java.util.concurrent.ThreadPoolExecutor.runWorker(ThreadPoolExecutor.java:1149)
	at java.util.concurrent.ThreadPoolExecutor$Worker.run(ThreadPoolExecutor.java:624)
	at java.lang.Thread.run(Thread.java:748)
... Removed 17 stack frames]]>
    </failure>
  </testcase> <!-- EjecutarNavegacionGeneral -->
</testsuite> <!-- IPHONE 5s - GMALV  -->
