<?xml version="1.0" encoding="UTF-8"?>
<!-- Generated by org.testng.reporters.JUnitXMLReporter -->
<testsuite hostname="OCTI107.local" name="Nexus 7 - GMALV" tests="1" failures="0" timestamp="26 Feb 2018 18:37:39 GMT" time="4.678" errors="0">
  <testcase name="@BeforeClass setup" time="0.0" classname="ProyectoMovil.Automatizacion.Ejecutar.Pruebas.EjecucionInicioPrueba">
    <failure type="java.lang.NullPointerException">
      <![CDATA[java.lang.NullPointerException
	at ProyectoMovil.Automatizacion.Utilitario.AbstractTest.setup(AbstractTest.java:151)
	at java.util.concurrent.FutureTask.run(FutureTask.java:266)
	at java.util.concurrent.ThreadPoolExecutor.runWorker(ThreadPoolExecutor.java:1149)
	at java.util.concurrent.ThreadPoolExecutor$Worker.run(ThreadPoolExecutor.java:624)
	at java.lang.Thread.run(Thread.java:748)
... Removed 16 stack frames]]>
    </failure>
  </testcase> <!-- @BeforeClass setup -->
  <testcase name="@AfterClass setOut" time="0.0" classname="ProyectoMovil.Automatizacion.Ejecutar.Pruebas.EjecucionInicioPrueba">
    <skipped/>
  </testcase> <!-- @AfterClass setOut -->
  <testcase name="EjecutarNavegacionGeneral" time="0.003" classname="ProyectoMovil.Automatizacion.Ejecutar.Pruebas.EjecucionInicioPrueba">
    <skipped/>
  </testcase> <!-- EjecutarNavegacionGeneral -->
</testsuite> <!-- Nexus 7 - GMALV -->
